Copyright 1986-2018 Xilinx, Inc. All Rights Reserved.
-------------------------------------------------------------------------------------------------------------------------------------------------------------------------------
| Tool Version     : Vivado v.2018.2 (lin64) Build 2258646 Thu Jun 14 20:02:38 MDT 2018
| Date             : Fri Dec  3 22:34:15 2021
| Host             : archHome running 64-bit Arch Linux
| Command          : report_power -file rsa_project_wrapper_power_routed.rpt -pb rsa_project_wrapper_power_summary_routed.pb -rpx rsa_project_wrapper_power_routed.rpx
| Design           : rsa_project_wrapper
| Device           : xc7z020clg400-1
| Design State     : routed
| Grade            : commercial
| Process          : typical
| Characterization : Production
-------------------------------------------------------------------------------------------------------------------------------------------------------------------------------

Power Report

Table of Contents
-----------------
1. Summary
1.1 On-Chip Components
1.2 Power Supply Summary
1.3 Confidence Level
2. Settings
2.1 Environment
2.2 Clock Constraints
3. Detailed Reports
3.1 By Hierarchy

1. Summary
----------

+--------------------------+--------------+
| Total On-Chip Power (W)  | 1.900        |
| Design Power Budget (W)  | Unspecified* |
| Power Budget Margin (W)  | NA           |
| Dynamic (W)              | 1.750        |
| Device Static (W)        | 0.150        |
| Effective TJA (C/W)      | 11.5         |
| Max Ambient (C)          | 63.1         |
| Junction Temperature (C) | 46.9         |
| Confidence Level         | Medium       |
| Setting File             | ---          |
| Simulation Activity File | ---          |
| Design Nets Matched      | NA           |
+--------------------------+--------------+
* Specify Design Power Budget using, set_operating_conditions -design_power_budget <value in Watts>


1.1 On-Chip Components
----------------------

+--------------------------+-----------+----------+-----------+-----------------+
| On-Chip                  | Power (W) | Used     | Available | Utilization (%) |
+--------------------------+-----------+----------+-----------+-----------------+
| Clocks                   |     0.085 |        3 |       --- |             --- |
| Slice Logic              |     0.169 |    53875 |       --- |             --- |
|   LUT as Logic           |     0.142 |    21170 |     53200 |           39.79 |
|   CARRY4                 |     0.014 |     2050 |     13300 |           15.41 |
|   Register               |     0.013 |    27318 |    106400 |           25.67 |
|   F7/F8 Muxes            |    <0.001 |      256 |     53200 |            0.48 |
|   LUT as Distributed RAM |    <0.001 |       10 |     17400 |            0.06 |
|   LUT as Shift Register  |    <0.001 |      165 |     17400 |            0.95 |
|   Others                 |     0.000 |      459 |       --- |             --- |
| Signals                  |     0.232 |    42172 |       --- |             --- |
| I/O                      |     0.005 |        4 |       125 |            3.20 |
| PS7                      |     1.260 |        1 |       --- |             --- |
| Static Power             |     0.150 |          |           |                 |
| Total                    |     1.900 |          |           |                 |
+--------------------------+-----------+----------+-----------+-----------------+


1.2 Power Supply Summary
------------------------

+-----------+-------------+-----------+-------------+------------+
| Source    | Voltage (V) | Total (A) | Dynamic (A) | Static (A) |
+-----------+-------------+-----------+-------------+------------+
| Vccint    |       1.000 |     0.502 |       0.486 |      0.016 |
| Vccaux    |       1.800 |     0.016 |       0.000 |      0.016 |
| Vcco33    |       3.300 |     0.002 |       0.001 |      0.001 |
| Vcco25    |       2.500 |     0.000 |       0.000 |      0.000 |
| Vcco18    |       1.800 |     0.000 |       0.000 |      0.000 |
| Vcco15    |       1.500 |     0.000 |       0.000 |      0.000 |
| Vcco135   |       1.350 |     0.000 |       0.000 |      0.000 |
| Vcco12    |       1.200 |     0.000 |       0.000 |      0.000 |
| Vccaux_io |       1.800 |     0.000 |       0.000 |      0.000 |
| Vccbram   |       1.000 |     0.001 |       0.000 |      0.001 |
| MGTAVcc   |       1.000 |     0.000 |       0.000 |      0.000 |
| MGTAVtt   |       1.200 |     0.000 |       0.000 |      0.000 |
| MGTVccaux |       1.800 |     0.000 |       0.000 |      0.000 |
| Vccpint   |       1.000 |     0.683 |       0.651 |      0.033 |
| Vccpaux   |       1.800 |     0.036 |       0.026 |      0.010 |
| Vccpll    |       1.800 |     0.017 |       0.014 |      0.003 |
| Vcco_ddr  |       1.500 |     0.354 |       0.352 |      0.002 |
| Vcco_mio0 |       3.300 |     0.003 |       0.002 |      0.001 |
| Vcco_mio1 |       1.800 |     0.003 |       0.002 |      0.001 |
| Vccadc    |       1.800 |     0.020 |       0.000 |      0.020 |
+-----------+-------------+-----------+-------------+------------+


1.3 Confidence Level
--------------------

+-----------------------------+------------+------------------------------------------------+------------------------------------------------------------------------------------------------------------+
| User Input Data             | Confidence | Details                                        | Action                                                                                                     |
+-----------------------------+------------+------------------------------------------------+------------------------------------------------------------------------------------------------------------+
| Design implementation state | High       | Design is routed                               |                                                                                                            |
| Clock nodes activity        | High       | User specified more than 95% of clocks         |                                                                                                            |
| I/O nodes activity          | High       | User specified more than 95% of inputs         |                                                                                                            |
| Internal nodes activity     | Medium     | User specified less than 25% of internal nodes | Provide missing internal nodes activity with simulation results or by editing the "By Resource Type" views |
| Device models               | High       | Device models are Production                   |                                                                                                            |
|                             |            |                                                |                                                                                                            |
| Overall confidence level    | Medium     |                                                |                                                                                                            |
+-----------------------------+------------+------------------------------------------------+------------------------------------------------------------------------------------------------------------+


2. Settings
-----------

2.1 Environment
---------------

+-----------------------+------------------------+
| Ambient Temp (C)      | 25.0                   |
| ThetaJA (C/W)         | 11.5                   |
| Airflow (LFM)         | 250                    |
| Heat Sink             | none                   |
| ThetaSA (C/W)         | 0.0                    |
| Board Selection       | medium (10"x10")       |
| # of Board Layers     | 8to11 (8 to 11 Layers) |
| Board Temperature (C) | 25.0                   |
+-----------------------+------------------------+


2.2 Clock Constraints
---------------------

+------------+----------------------------------------------------------------+-----------------+
| Clock      | Domain                                                         | Constraint (ns) |
+------------+----------------------------------------------------------------+-----------------+
| clk_fpga_0 | rsa_project_i/processing_system7_0/inst/FCLK_CLK_unbuffered[0] |            10.0 |
+------------+----------------------------------------------------------------+-----------------+


3. Detailed Reports
-------------------

3.1 By Hierarchy
----------------

+-------------------------------------------------------------------------------------+-----------+
| Name                                                                                | Power (W) |
+-------------------------------------------------------------------------------------+-----------+
| rsa_project_wrapper                                                                 |     1.750 |
|   rsa_project_i                                                                     |     1.746 |
|     Interface_Cell                                                                  |     0.045 |
|       ARCACHE                                                                       |     0.000 |
|       ARUSER                                                                        |     0.000 |
|       axi_dma_0                                                                     |     0.004 |
|         U0                                                                          |     0.004 |
|           INCLUDE_MM2S_SOF_EOF_GENERATOR.I_MM2S_DMA_MNGR                            |    <0.001 |
|             GEN_MM2S_DMA_CONTROL.GEN_SIMPLE_DMA_MODE.I_MM2S_SMPL_SM                 |    <0.001 |
|             GEN_MM2S_DMA_CONTROL.I_MM2S_CMDSTS                                      |    <0.001 |
|             GEN_MM2S_DMA_CONTROL.I_MM2S_STS_MNGR                                    |    <0.001 |
|           INCLUDE_S2MM_SOF_EOF_GENERATOR.I_S2MM_DMA_MNGR                            |    <0.001 |
|             GEN_S2MM_DMA_CONTROL.GEN_SIMPLE_DMA_MODE.I_S2MM_SMPL_SM                 |    <0.001 |
|             GEN_S2MM_DMA_CONTROL.I_S2MM_CMDSTS                                      |    <0.001 |
|             GEN_S2MM_DMA_CONTROL.I_S2MM_STS_MNGR                                    |    <0.001 |
|           I_AXI_DMA_REG_MODULE                                                      |    <0.001 |
|             GEN_AXI_LITE_IF.AXI_LITE_IF_I                                           |    <0.001 |
|             GEN_MM2S_REGISTERS.I_MM2S_DMA_REGISTER                                  |    <0.001 |
|             GEN_S2MM_REGISTERS.I_S2MM_DMA_REGISTER                                  |    <0.001 |
|           I_PRMRY_DATAMOVER                                                         |     0.003 |
|             GEN_MM2S_BASIC.I_MM2S_BASIC_WRAPPER                                     |    <0.001 |
|               ENABLE_AXIS_SKID.I_MM2S_SKID_BUF                                      |    <0.001 |
|               I_ADDR_CNTL                                                           |    <0.001 |
|                 GEN_ADDR_FIFO.I_ADDR_QUAL_FIFO                                      |    <0.001 |
|                   USE_SRL_FIFO.I_SYNC_FIFO                                          |    <0.001 |
|                     I_SRL_FIFO_RBU_F                                                |    <0.001 |
|                       CNTR_INCR_DECR_ADDN_F_I                                       |    <0.001 |
|                       DYNSHREG_F_I                                                  |    <0.001 |
|               I_CMD_STATUS                                                          |    <0.001 |
|                 GEN_INCLUDE_STATUS_FIFO.I_STS_FIFO                                  |    <0.001 |
|                 I_CMD_FIFO                                                          |    <0.001 |
|               I_MSTR_SCC                                                            |    <0.001 |
|               I_RD_DATA_CNTL                                                        |    <0.001 |
|                 GEN_DATA_CNTL_FIFO.I_DATA_CNTL_FIFO                                 |    <0.001 |
|                   USE_SRL_FIFO.I_SYNC_FIFO                                          |    <0.001 |
|                     I_SRL_FIFO_RBU_F                                                |    <0.001 |
|                       CNTR_INCR_DECR_ADDN_F_I                                       |    <0.001 |
|                       DYNSHREG_F_I                                                  |    <0.001 |
|               I_RD_STATUS_CNTLR                                                     |    <0.001 |
|               I_RESET                                                               |    <0.001 |
|             GEN_S2MM_BASIC.I_S2MM_BASIC_WRAPPER                                     |     0.002 |
|               ENABLE_AXIS_SKID.I_S2MM_STRM_SKID_BUF                                 |    <0.001 |
|               I_ADDR_CNTL                                                           |    <0.001 |
|                 GEN_ADDR_FIFO.I_ADDR_QUAL_FIFO                                      |    <0.001 |
|                   USE_SRL_FIFO.I_SYNC_FIFO                                          |    <0.001 |
|                     I_SRL_FIFO_RBU_F                                                |    <0.001 |
|                       CNTR_INCR_DECR_ADDN_F_I                                       |    <0.001 |
|                       DYNSHREG_F_I                                                  |    <0.001 |
|               I_CMD_STATUS                                                          |    <0.001 |
|                 GEN_INCLUDE_STATUS_FIFO.I_STS_FIFO                                  |    <0.001 |
|                 I_CMD_FIFO                                                          |    <0.001 |
|               I_MSTR_SCC                                                            |    <0.001 |
|               I_RESET                                                               |    <0.001 |
|               I_S2MM_MMAP_SKID_BUF                                                  |    <0.001 |
|               I_WR_DATA_CNTL                                                        |    <0.001 |
|                 GEN_DATA_CNTL_FIFO.I_DATA_CNTL_FIFO                                 |    <0.001 |
|                   USE_SRL_FIFO.I_SYNC_FIFO                                          |    <0.001 |
|                     I_SRL_FIFO_RBU_F                                                |    <0.001 |
|                       CNTR_INCR_DECR_ADDN_F_I                                       |    <0.001 |
|                       DYNSHREG_F_I                                                  |    <0.001 |
|               I_WR_STATUS_CNTLR                                                     |    <0.001 |
|                 GEN_OMIT_INDET_BTT.I_DATA_CNTL_STATUS_FIFO                          |    <0.001 |
|                   USE_SRL_FIFO.I_SYNC_FIFO                                          |    <0.001 |
|                     I_SRL_FIFO_RBU_F                                                |    <0.001 |
|                       CNTR_INCR_DECR_ADDN_F_I                                       |    <0.001 |
|                       DYNSHREG_F_I                                                  |    <0.001 |
|                 I_WRESP_STATUS_FIFO                                                 |    <0.001 |
|                   USE_SRL_FIFO.I_SYNC_FIFO                                          |    <0.001 |
|                     I_SRL_FIFO_RBU_F                                                |    <0.001 |
|                       CNTR_INCR_DECR_ADDN_F_I                                       |    <0.001 |
|                       DYNSHREG_F_I                                                  |    <0.001 |
|           I_RST_MODULE                                                              |    <0.001 |
|             GEN_RESET_FOR_MM2S.RESET_I                                              |    <0.001 |
|             GEN_RESET_FOR_S2MM.RESET_I                                              |    <0.001 |
|             REG_HRD_RST                                                             |    <0.001 |
|             REG_HRD_RST_OUT                                                         |    <0.001 |
|       axi_interconnect_0                                                            |     0.005 |
|         s00_couplers                                                                |     0.004 |
|           auto_pc                                                                   |     0.004 |
|             inst                                                                    |     0.004 |
|               gen_axilite.gen_b2s_conv.axilite_b2s                                  |     0.004 |
|                 RD.ar_channel_0                                                     |    <0.001 |
|                   ar_cmd_fsm_0                                                      |    <0.001 |
|                   cmd_translator_0                                                  |    <0.001 |
|                     incr_cmd_0                                                      |    <0.001 |
|                     wrap_cmd_0                                                      |    <0.001 |
|                 RD.r_channel_0                                                      |    <0.001 |
|                   rd_data_fifo_0                                                    |    <0.001 |
|                   transaction_fifo_0                                                |    <0.001 |
|                 SI_REG                                                              |     0.001 |
|                   ar.ar_pipe                                                        |    <0.001 |
|                   aw.aw_pipe                                                        |    <0.001 |
|                   b.b_pipe                                                          |    <0.001 |
|                   r.r_pipe                                                          |    <0.001 |
|                 WR.aw_channel_0                                                     |    <0.001 |
|                   aw_cmd_fsm_0                                                      |    <0.001 |
|                   cmd_translator_0                                                  |    <0.001 |
|                     incr_cmd_0                                                      |    <0.001 |
|                     wrap_cmd_0                                                      |    <0.001 |
|                 WR.b_channel_0                                                      |    <0.001 |
|                   bid_fifo_0                                                        |    <0.001 |
|                   bresp_fifo_0                                                      |    <0.001 |
|         xbar                                                                        |    <0.001 |
|           inst                                                                      |    <0.001 |
|             gen_sasd.crossbar_sasd_0                                                |    <0.001 |
|               addr_arbiter_inst                                                     |    <0.001 |
|               gen_decerr.decerr_slave_inst                                          |    <0.001 |
|               splitter_ar                                                           |    <0.001 |
|               splitter_aw                                                           |    <0.001 |
|       axi_mem_intercon                                                              |     0.004 |
|         m00_couplers                                                                |     0.002 |
|           auto_pc                                                                   |     0.002 |
|             inst                                                                    |     0.002 |
|               gen_axi4_axi3.axi3_conv_inst                                          |     0.002 |
|                 USE_READ.USE_SPLIT_R.read_addr_inst                                 |    <0.001 |
|                   USE_R_CHANNEL.cmd_queue                                           |    <0.001 |
|                     inst                                                            |    <0.001 |
|                       fifo_gen_inst                                                 |    <0.001 |
|                         inst_fifo_gen                                               |    <0.001 |
|                           gconvfifo.rf                                              |    <0.001 |
|                             grf.rf                                                  |    <0.001 |
|                               gntv_or_sync_fifo.gl0.rd                              |    <0.001 |
|                                 gr1.gr1_int.rfwft                                   |    <0.001 |
|                                 grss.rsts                                           |    <0.001 |
|                                 rpntr                                               |    <0.001 |
|                               gntv_or_sync_fifo.gl0.wr                              |    <0.001 |
|                                 gwss.wsts                                           |    <0.001 |
|                                 wpntr                                               |    <0.001 |
|                               gntv_or_sync_fifo.mem                                 |    <0.001 |
|                                 gdm.dm_gen.dm                                       |    <0.001 |
|                                   RAM_reg_0_31_0_0                                  |    <0.001 |
|                               rstblk                                                |    <0.001 |
|                                 ngwrdrst.grst.g7serrst.gnsckt_wrst.rst_wr_reg2_inst |    <0.001 |
|                 USE_WRITE.USE_SPLIT_W.write_resp_inst                               |    <0.001 |
|                 USE_WRITE.write_addr_inst                                           |    <0.001 |
|                   USE_BURSTS.cmd_queue                                              |    <0.001 |
|                     inst                                                            |    <0.001 |
|                       fifo_gen_inst                                                 |    <0.001 |
|                         inst_fifo_gen                                               |    <0.001 |
|                           gconvfifo.rf                                              |    <0.001 |
|                             grf.rf                                                  |    <0.001 |
|                               gntv_or_sync_fifo.gl0.rd                              |    <0.001 |
|                                 gr1.gr1_int.rfwft                                   |    <0.001 |
|                                 grss.rsts                                           |    <0.001 |
|                                 rpntr                                               |    <0.001 |
|                               gntv_or_sync_fifo.gl0.wr                              |    <0.001 |
|                                 gwss.wsts                                           |    <0.001 |
|                                 wpntr                                               |    <0.001 |
|                               gntv_or_sync_fifo.mem                                 |    <0.001 |
|                                 gdm.dm_gen.dm                                       |    <0.001 |
|                                   RAM_reg_0_31_0_4                                  |    <0.001 |
|                               rstblk                                                |    <0.001 |
|                                 ngwrdrst.grst.g7serrst.gnsckt_wrst.rst_wr_reg2_inst |    <0.001 |
|                   USE_B_CHANNEL.cmd_b_queue                                         |    <0.001 |
|                     inst                                                            |    <0.001 |
|                       fifo_gen_inst                                                 |    <0.001 |
|                         inst_fifo_gen                                               |    <0.001 |
|                           gconvfifo.rf                                              |    <0.001 |
|                             grf.rf                                                  |    <0.001 |
|                               gntv_or_sync_fifo.gl0.rd                              |    <0.001 |
|                                 gr1.gr1_int.rfwft                                   |    <0.001 |
|                                 grss.rsts                                           |    <0.001 |
|                                 rpntr                                               |    <0.001 |
|                               gntv_or_sync_fifo.gl0.wr                              |    <0.001 |
|                                 gwss.wsts                                           |    <0.001 |
|                                 wpntr                                               |    <0.001 |
|                               gntv_or_sync_fifo.mem                                 |    <0.001 |
|                                 gdm.dm_gen.dm                                       |    <0.001 |
|                                   RAM_reg_0_31_0_4                                  |    <0.001 |
|                               rstblk                                                |    <0.001 |
|                                 ngwrdrst.grst.g7serrst.gnsckt_wrst.rst_wr_reg2_inst |    <0.001 |
|                 USE_WRITE.write_data_inst                                           |    <0.001 |
|         s00_couplers                                                                |    <0.001 |
|           auto_us                                                                   |    <0.001 |
|             inst                                                                    |    <0.001 |
|               gen_upsizer.gen_full_upsizer.axi_upsizer_inst                         |    <0.001 |
|                 USE_READ.gen_non_fifo_r_upsizer.mi_register_slice_inst              |    <0.001 |
|                   r.r_pipe                                                          |    <0.001 |
|                 USE_READ.gen_non_fifo_r_upsizer.read_data_inst                      |    <0.001 |
|                 USE_READ.read_addr_inst                                             |    <0.001 |
|                   GEN_CMD_QUEUE.cmd_queue                                           |    <0.001 |
|                 si_register_slice_inst                                              |    <0.001 |
|                   ar.ar_pipe                                                        |    <0.001 |
|         s01_couplers                                                                |    <0.001 |
|           auto_us                                                                   |    <0.001 |
|             inst                                                                    |    <0.001 |
|               gen_upsizer.gen_full_upsizer.axi_upsizer_inst                         |    <0.001 |
|                 USE_WRITE.gen_non_fifo_w_upsizer.write_data_inst                    |    <0.001 |
|                 USE_WRITE.write_addr_inst                                           |    <0.001 |
|                   GEN_CMD_QUEUE.cmd_queue                                           |    <0.001 |
|                 si_register_slice_inst                                              |    <0.001 |
|                   aw.aw_pipe                                                        |    <0.001 |
|         xbar                                                                        |    <0.001 |
|           inst                                                                      |    <0.001 |
|             gen_sasd.crossbar_sasd_0                                                |    <0.001 |
|               addr_arbiter_inst                                                     |    <0.001 |
|               gen_decerr.decerr_slave_inst                                          |    <0.001 |
|               splitter_ar                                                           |    <0.001 |
|               splitter_aw                                                           |    <0.001 |
|       axis_dwidth_converter_0                                                       |     0.003 |
|         inst                                                                        |     0.003 |
|           gen_upsizer_conversion.axisc_upsizer_0                                    |     0.003 |
|       axis_dwidth_converter_1                                                       |     0.028 |
|         inst                                                                        |     0.028 |
|           gen_downsizer_conversion.axisc_downsizer_0                                |     0.028 |
|       command_interface_0                                                           |    <0.001 |
|         inst                                                                        |    <0.001 |
|           command_interface_S00_AXI_inst                                            |    <0.001 |
|       rst_processing_system7_0_100M                                                 |    <0.001 |
|         U0                                                                          |    <0.001 |
|           EXT_LPF                                                                   |    <0.001 |
|             ACTIVE_LOW_AUX.ACT_LO_AUX                                               |    <0.001 |
|             ACTIVE_LOW_EXT.ACT_LO_EXT                                               |    <0.001 |
|           SEQ                                                                       |    <0.001 |
|             SEQ_COUNTER                                                             |    <0.001 |
|     processing_system7_0                                                            |     1.261 |
|       inst                                                                          |     1.261 |
|     rsa_wrapper_0                                                                   |     0.440 |
|       inst                                                                          |     0.440 |
|         mont_exp                                                                    |     0.424 |
|           multi_0                                                                   |     0.203 |
|             adder_B                                                                 |     0.115 |
|               adder_0                                                               |     0.012 |
|               genblk1[1].adder_i                                                    |     0.022 |
|               genblk1[2].adder_i                                                    |     0.004 |
|               genblk1[3].adder_i                                                    |     0.020 |
|               genblk1[4].adder_i                                                    |     0.003 |
|               genblk1[5].adder_i                                                    |     0.023 |
|               genblk1[6].adder_i                                                    |     0.004 |
|               genblk1[7].adder_i                                                    |     0.021 |
|               genblk1[8].adder_i                                                    |     0.005 |
|             adder_M                                                                 |     0.067 |
|               adder_0                                                               |     0.010 |
|               genblk1[1].adder_i                                                    |     0.002 |
|               genblk1[2].adder_i                                                    |     0.012 |
|               genblk1[3].adder_i                                                    |     0.002 |
|               genblk1[4].adder_i                                                    |     0.013 |
|               genblk1[5].adder_i                                                    |     0.003 |
|               genblk1[6].adder_i                                                    |     0.014 |
|               genblk1[7].adder_i                                                    |     0.003 |
|               genblk1[8].adder_i                                                    |     0.006 |
|           multi_1                                                                   |     0.210 |
|             adder_B                                                                 |     0.110 |
|               adder_0                                                               |     0.008 |
|               genblk1[1].adder_i                                                    |     0.021 |
|               genblk1[2].adder_i                                                    |     0.003 |
|               genblk1[3].adder_i                                                    |     0.020 |
|               genblk1[4].adder_i                                                    |     0.004 |
|               genblk1[5].adder_i                                                    |     0.025 |
|               genblk1[6].adder_i                                                    |     0.004 |
|               genblk1[7].adder_i                                                    |     0.021 |
|               genblk1[8].adder_i                                                    |     0.004 |
|             adder_M                                                                 |     0.067 |
|               adder_0                                                               |     0.010 |
|               genblk1[1].adder_i                                                    |     0.003 |
|               genblk1[2].adder_i                                                    |     0.012 |
|               genblk1[3].adder_i                                                    |     0.002 |
|               genblk1[4].adder_i                                                    |     0.013 |
|               genblk1[5].adder_i                                                    |     0.003 |
|               genblk1[6].adder_i                                                    |     0.014 |
|               genblk1[7].adder_i                                                    |     0.003 |
|               genblk1[8].adder_i                                                    |     0.006 |
+-------------------------------------------------------------------------------------+-----------+


